<?xml version="1.0" encoding="UTF-8"?>
<!-- Generated by org.testng.reporters.JUnitReportReporter -->
<testsuite hostname="SravanBugga" failures="0" tests="1" name="PageObjectClass.LoginTestReferPOC" time="1.780" errors="0" timestamp="2024-05-28T15:11:31 IST" skipped="0">
  <testcase classname="PageObjectClass.LoginTestReferPOC" name="testlogin" time="1.780"/>
  <system-out/>
</testsuite> <!-- PageObjectClass.LoginTestReferPOC -->
