<?xml version="1.0" encoding="UTF-8"?>
<!-- Generated by org.testng.reporters.JUnitReportReporter -->
<testsuite hostname="SravanBugga" failures="0" tests="4" name="Annotations.DependonmethodAssertn" time="0.020" errors="0" timestamp="2024-03-27T15:31:48 IST" skipped="0">
  <testcase classname="Annotations.DependonmethodAssertn" name="openurl" time="0.014"/>
  <system-out/>
  <testcase classname="Annotations.DependonmethodAssertn" name="login" time="0.002"/>
  <system-out/>
  <testcase classname="Annotations.DependonmethodAssertn" name="search" time="0.002"/>
  <system-out/>
  <testcase classname="Annotations.DependonmethodAssertn" name="logout" time="0.002"/>
  <system-out/>
</testsuite> <!-- Annotations.DependonmethodAssertn -->
