<?xml version="1.0" encoding="UTF-8"?>
<!-- Generated by org.testng.reporters.JUnitReportReporter -->
<testsuite hostname="SravanBugga" failures="0" tests="1" name="AssertionsTest.HardAssertionMain" time="0.013" errors="0" timestamp="2024-03-27T16:07:02 IST" skipped="0">
  <testcase classname="AssertionsTest.HardAssertionMain" name="testa" time="0.013"/>
  <system-out/>
</testsuite> <!-- AssertionsTest.HardAssertionMain -->
