<?xml version="1.0" encoding="UTF-8"?>
<!-- Generated by org.testng.reporters.JUnitReportReporter -->
<testsuite hostname="SravanBugga" failures="0" tests="4" name="testNGpractice1.InvocationCountTest" time="30.155" errors="0" timestamp="2024-05-24T13:48:46 IST" skipped="0">
  <testcase classname="testNGpractice1.InvocationCountTest" name="logins" time="12.904"/>
  <system-out/>
  <testcase classname="testNGpractice1.InvocationCountTest" name="logins" time="5.856"/>
  <system-out/>
  <testcase classname="testNGpractice1.InvocationCountTest" name="logins" time="5.495"/>
  <system-out/>
  <testcase classname="testNGpractice1.InvocationCountTest" name="logins" time="5.900"/>
  <system-out/>
</testsuite> <!-- testNGpractice1.InvocationCountTest -->
