<?xml version="1.0" encoding="UTF-8"?>
<!-- Generated by org.testng.reporters.JUnitReportReporter -->
<testsuite hostname="SravanBugga" failures="0" tests="5" name="Annotations.DependencyMethods" time="0.017" errors="0" timestamp="2024-03-27T15:26:06 IST" skipped="0">
  <testcase classname="Annotations.DependencyMethods" name="login" time="0.009"/>
  <system-out/>
  <testcase classname="Annotations.DependencyMethods" name="Openapp" time="0.002"/>
  <system-out/>
  <testcase classname="Annotations.DependencyMethods" name="search" time="0.002"/>
  <system-out/>
  <testcase classname="Annotations.DependencyMethods" name="Advsearch" time="0.001"/>
  <system-out/>
  <testcase classname="Annotations.DependencyMethods" name="logout" time="0.003"/>
  <system-out/>
</testsuite> <!-- Annotations.DependencyMethods -->
