<?xml version="1.0" encoding="UTF-8"?>
<!-- Generated by org.testng.reporters.JUnitReportReporter -->
<testsuite hostname="SravanBugga" failures="0" tests="4" name="testNGpractice1.Prioritytestng" time="0.016" errors="0" timestamp="2024-05-24T00:19:50 IST" skipped="0">
  <testcase classname="testNGpractice1.Prioritytestng" name="openURL" time="0.011"/>
  <system-out/>
  <testcase classname="testNGpractice1.Prioritytestng" name="correctlogins" time="0.002"/>
  <system-out/>
  <testcase classname="testNGpractice1.Prioritytestng" name="submitlogin" time="0.001"/>
  <system-out/>
  <testcase classname="testNGpractice1.Prioritytestng" name="dashboard" time="0.002"/>
  <system-out/>
</testsuite> <!-- testNGpractice1.Prioritytestng -->
