<?xml version="1.0" encoding="UTF-8"?>
<!-- Generated by org.testng.reporters.JUnitReportReporter -->
<testsuite hostname="SravanBugga" failures="0" tests="1" name="testNGpractice1.AssertionsTest" time="0.012" errors="0" timestamp="2024-09-22T00:03:45 IST" skipped="0">
  <testcase classname="testNGpractice1.AssertionsTest" name="testa" time="0.012"/>
  <system-out/>
</testsuite> <!-- testNGpractice1.AssertionsTest -->
