<?xml version="1.0" encoding="UTF-8"?>
<!-- Generated by org.testng.reporters.JUnitReportReporter -->
<testsuite hostname="SravanBugga" failures="0" tests="4" name="Testngtesting.ThirdTestNG" time="0.066" errors="0" timestamp="2024-12-13T22:59:05 IST" skipped="0">
  <testcase classname="Testngtesting.ThirdTestNG" name="logout" time="0.003"/>
  <testcase classname="Testngtesting.ThirdTestNG" name="login" time="0.009"/>
  <testcase classname="Testngtesting.ThirdTestNG" name="openapp" time="0.009"/>
  <testcase classname="Testngtesting.ThirdTestNG" name="Url" time="0.045"/>
</testsuite> <!-- Testngtesting.ThirdTestNG -->
