<?xml version="1.0" encoding="UTF-8"?>
<!-- Generated by org.testng.reporters.JUnitReportReporter -->
<testsuite hostname="SravanBugga" failures="0" tests="3" name="Grouping.TestGrouping" time="0.012" errors="0" timestamp="2024-04-14T13:46:25 IST" skipped="0">
  <testcase classname="Grouping.TestGrouping" name="signupbyEmail" time="0.009"/>
  <system-out/>
  <testcase classname="Grouping.TestGrouping" name="SignupByTwitter" time="0.002"/>
  <system-out/>
  <testcase classname="Grouping.TestGrouping" name="paymentinRs" time="0.001"/>
  <system-out/>
</testsuite> <!-- Grouping.TestGrouping -->
