<?xml version="1.0" encoding="UTF-8"?>
<!-- Generated by org.testng.reporters.JUnitReportReporter -->
<testsuite hostname="SravanBugga" failures="0" tests="3" name="testNGpractice1.PrioritywithOrangeHRM" time="13.833" errors="0" timestamp="2024-05-24T00:19:50 IST" skipped="0">
  <testcase classname="testNGpractice1.PrioritywithOrangeHRM" name="openUrl" time="6.796"/>
  <system-out/>
  <testcase classname="testNGpractice1.PrioritywithOrangeHRM" name="logins" time="6.728"/>
  <system-out/>
  <testcase classname="testNGpractice1.PrioritywithOrangeHRM" name="closeapp" time="0.309"/>
  <system-out/>
</testsuite> <!-- testNGpractice1.PrioritywithOrangeHRM -->
