<?xml version="1.0" encoding="UTF-8"?>
<!-- Generated by org.testng.reporters.JUnitReportReporter -->
<testsuite hostname="SravanBugga" failures="0" tests="1" name="testNGpractice1.SoftAssertion" time="0.020" errors="0" timestamp="2024-05-24T13:10:13 IST" skipped="0">
  <testcase classname="testNGpractice1.SoftAssertion" name="Softassert" time="0.020"/>
  <system-out/>
</testsuite> <!-- testNGpractice1.SoftAssertion -->
