<?xml version="1.0" encoding="UTF-8"?>
<!-- Generated by org.testng.reporters.JUnitReportReporter -->
<testsuite hostname="SravanBugga" failures="0" tests="2" name="Annotations.BefrAftrClass" time="0.009" errors="0" timestamp="2024-03-28T16:18:00 IST" skipped="0">
  <testcase classname="Annotations.BefrAftrClass" name="Search" time="0.006"/>
  <system-out/>
  <testcase classname="Annotations.BefrAftrClass" name="Advancedsearch" time="0.003"/>
  <system-out/>
</testsuite> <!-- Annotations.BefrAftrClass -->
