<?xml version="1.0" encoding="UTF-8"?>
<!-- Generated by org.testng.reporters.JUnitReportReporter -->
<testsuite hostname="SravanBugga" failures="0" tests="4" name="Testngtesting.Prioritytest" time="0.020" errors="0" timestamp="2024-05-23T20:26:33 IST" skipped="0">
  <testcase classname="Testngtesting.Prioritytest" name="Url" time="0.011"/>
  <system-out/>
  <testcase classname="Testngtesting.Prioritytest" name="login" time="0.003"/>
  <system-out/>
  <testcase classname="Testngtesting.Prioritytest" name="Launchapp" time="0.003"/>
  <system-out/>
  <testcase classname="Testngtesting.Prioritytest" name="logout" time="0.003"/>
  <system-out/>
</testsuite> <!-- Testngtesting.Prioritytest -->
