<?xml version="1.0" encoding="UTF-8"?>
<!-- Generated by org.testng.reporters.JUnitReportReporter -->
<testsuite hostname="SravanBugga" failures="0" tests="2" name="testNGpractice1.GroupingTest" time="0.017" errors="0" timestamp="2024-05-25T12:25:48 IST" skipped="0">
  <testcase classname="testNGpractice1.GroupingTest" name="signupbytwitter" time="0.016"/>
  <system-out/>
  <testcase classname="testNGpractice1.GroupingTest" name="signupbyfacebook" time="0.001"/>
  <system-out/>
</testsuite> <!-- testNGpractice1.GroupingTest -->
