<?xml version="1.0" encoding="UTF-8"?>
<!-- Generated by org.testng.reporters.JUnitReportReporter -->
<testsuite hostname="SravanBugga" failures="0" tests="2" name="testNGpractice1.ParallelTesting" time="20.042" errors="0" timestamp="2024-05-28T15:16:46 IST" skipped="0">
  <testcase classname="testNGpractice1.ParallelTesting" name="title" time="10.025"/>
  <system-out/>
  <testcase classname="testNGpractice1.ParallelTesting" name="title" time="10.017"/>
  <system-out/>
</testsuite> <!-- testNGpractice1.ParallelTesting -->
