<?xml version="1.0" encoding="UTF-8"?>
<!-- Generated by org.testng.reporters.JUnitReportReporter -->
<testsuite hostname="SravanBugga" failures="0" tests="4" name="testNGpractice1.Dependencytest" time="0.017" errors="0" timestamp="2024-05-24T01:18:40 IST" skipped="0">
  <testcase classname="testNGpractice1.Dependencytest" name="openUrl" time="0.011"/>
  <system-out/>
  <testcase classname="testNGpractice1.Dependencytest" name="login" time="0.001"/>
  <system-out/>
  <testcase classname="testNGpractice1.Dependencytest" name="dashboard" time="0.004"/>
  <system-out/>
  <testcase classname="testNGpractice1.Dependencytest" name="Advsearch" time="0.001"/>
  <system-out/>
</testsuite> <!-- testNGpractice1.Dependencytest -->
