<?xml version="1.0" encoding="UTF-8"?>
<!-- Generated by org.testng.reporters.JUnitReportReporter -->
<testsuite hostname="SravanBugga" failures="0" tests="3" name="Testngtesting.OrangeHrmNGTest" time="213.058" errors="0" timestamp="2024-12-13T22:59:05 IST" skipped="0">
  <testcase classname="Testngtesting.OrangeHrmNGTest" name="Url" time="189.283"/>
  <testcase classname="Testngtesting.OrangeHrmNGTest" name="logins" time="16.380"/>
  <testcase classname="Testngtesting.OrangeHrmNGTest" name="closeapp" time="7.395"/>
</testsuite> <!-- Testngtesting.OrangeHrmNGTest -->
