<?xml version="1.0" encoding="UTF-8"?>
<!-- Generated by org.testng.reporters.JUnitReportReporter -->
<testsuite hostname="SravanBugga" failures="0" tests="2" name="Annotations.BefrAftrMethodAnnotation" time="0.017" errors="0" timestamp="2024-03-27T15:59:03 IST" skipped="0">
  <testcase classname="Annotations.BefrAftrMethodAnnotation" name="search" time="0.009"/>
  <system-out/>
  <testcase classname="Annotations.BefrAftrMethodAnnotation" name="Advancesearch" time="0.008"/>
  <system-out/>
</testsuite> <!-- Annotations.BefrAftrMethodAnnotation -->
