<?xml version="1.0" encoding="UTF-8"?>
<!-- Generated by org.testng.reporters.JUnitReportReporter -->
<testsuite hostname="SravanBugga" failures="0" tests="2" name="Testngtesting.firsttestNG" time="0.015" errors="0" timestamp="2024-12-13T22:59:05 IST" skipped="0">
  <testcase classname="Testngtesting.firsttestNG" name="testB" time="0.001"/>
  <testcase classname="Testngtesting.firsttestNG" name="testA" time="0.014"/>
</testsuite> <!-- Testngtesting.firsttestNG -->
