<?xml version="1.0" encoding="UTF-8"?>
<!-- Generated by org.testng.reporters.JUnitReportReporter -->
<testsuite hostname="SravanBugga" failures="0" tests="3" name="Testngtesting.SecondTestNG" time="0.033" errors="0" timestamp="2024-12-13T22:59:05 IST" skipped="0">
  <testcase classname="Testngtesting.SecondTestNG" name="test2" time="0.014"/>
  <testcase classname="Testngtesting.SecondTestNG" name="test1" time="0.008"/>
  <testcase classname="Testngtesting.SecondTestNG" name="test3" time="0.011"/>
</testsuite> <!-- Testngtesting.SecondTestNG -->
