<?xml version="1.0" encoding="UTF-8"?>
<!-- Generated by org.testng.reporters.JUnitReportReporter -->
<testsuite hostname="SravanBugga" failures="0" tests="1" name="AssertionsTest.HardAssertions2" time="0.010" errors="0" timestamp="2024-03-27T15:56:19 IST" skipped="0">
  <testcase classname="AssertionsTest.HardAssertions2" name="test" time="0.010"/>
  <system-out/>
</testsuite> <!-- AssertionsTest.HardAssertions2 -->
