<?xml version="1.0" encoding="UTF-8"?>
<!-- Generated by org.testng.reporters.JUnitReportReporter -->
<testsuite hostname="SravanBugga" failures="0" tests="1" name="AssertionsTest.SoftAssertions" time="0.018" errors="0" timestamp="2024-04-09T00:45:30 IST" skipped="0">
  <testcase classname="AssertionsTest.SoftAssertions" name="testa" time="0.018"/>
  <system-out/>
</testsuite> <!-- AssertionsTest.SoftAssertions -->
