<?xml version="1.0" encoding="UTF-8"?>
<!-- Generated by org.testng.reporters.JUnitReportReporter -->
<testsuite hostname="SravanBugga" failures="0" tests="1" name="AssertionsTest.HardAssertions1" time="0.011" errors="0" timestamp="2024-03-27T15:50:33 IST" skipped="0">
  <testcase classname="AssertionsTest.HardAssertions1" name="testa" time="0.011"/>
  <system-out/>
</testsuite> <!-- AssertionsTest.HardAssertions1 -->
