<?xml version="1.0" encoding="UTF-8"?>
<!-- Generated by org.testng.reporters.JUnitReportReporter -->
<testsuite hostname="SravanBugga" failures="0" tests="1" name="AssertionsTest.HardAssertions3" time="0.013" errors="0" timestamp="2024-03-27T16:04:03 IST" skipped="0">
  <testcase classname="AssertionsTest.HardAssertions3" name="test1" time="0.013"/>
  <system-out/>
</testsuite> <!-- AssertionsTest.HardAssertions3 -->
