<?xml version="1.0" encoding="UTF-8"?>
<!-- Generated by org.testng.reporters.JUnitReportReporter -->
<testsuite hostname="SravanBugga" failures="0" tests="2" name="testNGpractice1.WithnwithoutAnnotation" time="0.006" errors="0" timestamp="2024-05-24T00:19:50 IST" skipped="0">
  <testcase classname="testNGpractice1.WithnwithoutAnnotation" name="test1" time="0.000"/>
  <system-out/>
  <testcase classname="testNGpractice1.WithnwithoutAnnotation" name="test" time="0.006"/>
  <system-out/>
</testsuite> <!-- testNGpractice1.WithnwithoutAnnotation -->
